Arguments: 
  /Users/drewgarratt/.nvm/versions/node/v16.7.0/bin/node /Users/drewgarratt/.nvm/versions/node/v16.7.0/bin/yarn add setImmediate

PATH: 
  /Users/drewgarratt/.rvm/gems/ruby-2.7.2/bin:/Users/drewgarratt/.rvm/gems/ruby-2.7.2@global/bin:/Users/drewgarratt/.rvm/rubies/ruby-2.7.2/bin:/Users/drewgarratt/.nvm/versions/node/v16.7.0/bin:/usr/local/bin:/usr/bin:/bin:/usr/sbin:/sbin:/Library/Apple/usr/bin:/Users/drewgarratt/Development/evelop-cloudflare/node_modules/.bin:/Users/drewgarratt/.rvm/bin

Yarn version: 
  1.22.15

Node version: 
  16.7.0

Platform: 
  darwin x64

Trace: 
  Error: https://registry.yarnpkg.com/setImmediate: Not found
      at Request.params.callback [as _callback] (/Users/drewgarratt/.nvm/versions/node/v16.7.0/lib/node_modules/yarn/lib/cli.js:66140:18)
      at Request.self.callback (/Users/drewgarratt/.nvm/versions/node/v16.7.0/lib/node_modules/yarn/lib/cli.js:140885:22)
      at Request.emit (node:events:394:28)
      at Request.<anonymous> (/Users/drewgarratt/.nvm/versions/node/v16.7.0/lib/node_modules/yarn/lib/cli.js:141857:10)
      at Request.emit (node:events:394:28)
      at IncomingMessage.<anonymous> (/Users/drewgarratt/.nvm/versions/node/v16.7.0/lib/node_modules/yarn/lib/cli.js:141779:12)
      at Object.onceWrapper (node:events:513:28)
      at IncomingMessage.emit (node:events:406:35)
      at endReadableNT (node:internal/streams/readable:1348:12)
      at processTicksAndRejections (node:internal/process/task_queues:83:21)

npm manifest: 
  {
    "name": "worker-typescript-template",
    "version": "1.0.0",
    "description": "Cloudflare worker TypeScript template",
    "main": "dist/worker.js",
    "scripts": {
      "build": "webpack",
      "format": "prettier --write  '*.{json,js}' 'src/**/*.{js,ts}' 'test/**/*.{js,ts}'",
      "lint": "eslint --max-warnings=0 src && prettier --check '*.{json,js}' 'src/**/*.{js,ts}' 'test/**/*.{js,ts}'",
      "test": "jest --config jestconfig.json --verbose"
    },
    "author": "author",
    "license": "MIT OR Apache-2.0",
    "eslintConfig": {
      "root": true,
      "extends": [
        "typescript",
        "prettier"
      ]
    },
    "devDependencies": {
      "@cloudflare/workers-types": "^3.0.0",
      "@types/jest": "^26.0.23",
      "@types/service-worker-mock": "^2.0.1",
      "@typescript-eslint/eslint-plugin": "^4.16.1",
      "@typescript-eslint/parser": "^4.16.1",
      "eslint": "^7.21.0",
      "eslint-config-prettier": "^8.1.0",
      "eslint-config-typescript": "^3.0.0",
      "jest": "^27.0.1",
      "path-browserify": "^1.0.1",
      "prettier": "^2.3.0",
      "process": "^0.11.10",
      "service-worker-mock": "^2.0.5",
      "ts-jest": "^27.0.1",
      "ts-loader": "^9.2.2",
      "typescript": "^4.3.2",
      "webpack": "^5.38.1",
      "webpack-cli": "^4.7.0"
    },
    "dependencies": {
      "@envelop/core": "^1.4.0",
      "@graphql-tools/load": "^7.4.0",
      "@graphql-tools/schema": "^8.3.0",
      "@graphql-tools/url-loader": "^7.4.1",
      "graphql": "^15.6.1",
      "graphql-helix": "^1.8.4",
      "node-polyfill-webpack-plugin": "^1.1.4",
      "worktop": "^0.7.3"
    }
  }

yarn manifest: 
  No manifest

Lockfile: 
  No lockfile
